<?xml version="1.0" encoding="UTF-8"?>
<testng-results skipped="0" failed="0" ignored="0" total="1" passed="1">
  <reporter-output>
  </reporter-output>
  <suite name="Suit for different program" duration-ms="35294" started-at="2018-08-19T07:35:24Z" finished-at="2018-08-19T07:35:59Z">
    <groups>
    </groups>
    <test name="Elements of Selenium" duration-ms="35294" started-at="2018-08-19T07:35:24Z" finished-at="2018-08-19T07:35:59Z">
      <class name="com.amazon.qa.testcases.Login_Test">
        <test-method status="PASS" signature="setup()[pri:0, instance:com.amazon.qa.testcases.Login_Test@369f73a2]" name="setup" is-config="true" duration-ms="9121" started-at="2018-08-19T07:35:24Z" finished-at="2018-08-19T07:35:33Z">
          <reporter-output>
          </reporter-output>
        </test-method> <!-- setup -->
        <test-method status="PASS" signature="Loginto_Amazone_test()[pri:0, instance:com.amazon.qa.testcases.Login_Test@369f73a2]" name="Loginto_Amazone_test" duration-ms="26150" started-at="2018-08-19T07:35:33Z" finished-at="2018-08-19T07:35:59Z">
          <reporter-output>
          </reporter-output>
        </test-method> <!-- Loginto_Amazone_test -->
        <test-method status="PASS" signature="close_App()[pri:0, instance:com.amazon.qa.testcases.Login_Test@369f73a2]" name="close_App" is-config="true" duration-ms="0" started-at="2018-08-19T07:35:59Z" finished-at="2018-08-19T07:35:59Z">
          <reporter-output>
          </reporter-output>
        </test-method> <!-- close_App -->
      </class> <!-- com.amazon.qa.testcases.Login_Test -->
    </test> <!-- Elements of Selenium -->
  </suite> <!-- Suit for different program -->
</testng-results>
